[ 2017-08-10T00:00:36+08:00 ] 127.0.0.1 /index.php/Admin/Test/test7
INFO: [ app_init ] --START--
INFO: Run Behavior\BuildLiteBehavior [ RunTime:0.000028s ]
INFO: [ app_init ] --END-- [ RunTime:0.000881s ]
INFO: [ app_begin ] --START--
INFO: Run Behavior\ReadHtmlCacheBehavior [ RunTime:0.001131s ]
INFO: [ app_begin ] --END-- [ RunTime:0.001262s ]
SQL: SHOW COLUMNS FROM `tp_dept` [ RunTime:0.1093s ]
INFO: [ app_end ] --START--
INFO: Run Behavior\ShowPageTraceBehavior [ RunTime:0.001029s ]
INFO: [ app_end ] --END-- [ RunTime:0.001103s ]

[ 2017-08-10T00:02:11+08:00 ] 127.0.0.1 /index.php/Admin/Test/test7
INFO: [ app_init ] --START--
INFO: Run Behavior\BuildLiteBehavior [ RunTime:0.000022s ]
INFO: [ app_init ] --END-- [ RunTime:0.000845s ]
INFO: [ app_begin ] --START--
INFO: Run Behavior\ReadHtmlCacheBehavior [ RunTime:0.001685s ]
INFO: [ app_begin ] --END-- [ RunTime:0.001855s ]
SQL: SHOW COLUMNS FROM `tp_dept` [ RunTime:0.0479s ]
INFO: [ app_end ] --START--
INFO: Run Behavior\ShowPageTraceBehavior [ RunTime:0.001148s ]
INFO: [ app_end ] --END-- [ RunTime:0.001291s ]

[ 2017-08-10T00:08:51+08:00 ] 127.0.0.1 /index.php/Admin/Test/test7
INFO: [ app_init ] --START--
INFO: Run Behavior\BuildLiteBehavior [ RunTime:0.000023s ]
INFO: [ app_init ] --END-- [ RunTime:0.000991s ]
INFO: [ app_begin ] --START--
INFO: Run Behavior\ReadHtmlCacheBehavior [ RunTime:0.001400s ]
INFO: [ app_begin ] --END-- [ RunTime:0.001506s ]
SQL: SHOW COLUMNS FROM `tp_dept` [ RunTime:0.0403s ]
INFO: [ app_end ] --START--
INFO: Run Behavior\ShowPageTraceBehavior [ RunTime:0.001020s ]
INFO: [ app_end ] --END-- [ RunTime:0.001141s ]

[ 2017-08-10T00:10:00+08:00 ] 127.0.0.1 /index.php/Admin/Test/test7
INFO: [ app_init ] --START--
INFO: Run Behavior\BuildLiteBehavior [ RunTime:0.000025s ]
INFO: [ app_init ] --END-- [ RunTime:0.000904s ]
INFO: [ app_begin ] --START--
INFO: Run Behavior\ReadHtmlCacheBehavior [ RunTime:0.000785s ]
INFO: [ app_begin ] --END-- [ RunTime:0.000880s ]
SQL: SHOW COLUMNS FROM `tp_dept` [ RunTime:0.0532s ]
INFO: [ app_end ] --START--
INFO: Run Behavior\ShowPageTraceBehavior [ RunTime:0.000956s ]
INFO: [ app_end ] --END-- [ RunTime:0.001062s ]

[ 2017-08-10T00:20:43+08:00 ] 127.0.0.1 /index.php/Admin/Test/test7
INFO: [ app_init ] --START--
INFO: Run Behavior\BuildLiteBehavior [ RunTime:0.000023s ]
INFO: [ app_init ] --END-- [ RunTime:0.000746s ]
INFO: [ app_begin ] --START--
INFO: Run Behavior\ReadHtmlCacheBehavior [ RunTime:0.000961s ]
INFO: [ app_begin ] --END-- [ RunTime:0.001102s ]
SQL: SHOW COLUMNS FROM `tp_dept` [ RunTime:0.0522s ]
INFO: [ app_end ] --START--
INFO: Run Behavior\ShowPageTraceBehavior [ RunTime:0.001066s ]
INFO: [ app_end ] --END-- [ RunTime:0.001147s ]

[ 2017-08-10T00:20:44+08:00 ] 127.0.0.1 /index.php/Admin/Test/test7
INFO: [ app_init ] --START--
INFO: Run Behavior\BuildLiteBehavior [ RunTime:0.000020s ]
INFO: [ app_init ] --END-- [ RunTime:0.000605s ]
INFO: [ app_begin ] --START--
INFO: Run Behavior\ReadHtmlCacheBehavior [ RunTime:0.003523s ]
INFO: [ app_begin ] --END-- [ RunTime:0.003675s ]
SQL: SHOW COLUMNS FROM `tp_dept` [ RunTime:0.0552s ]
INFO: [ app_end ] --START--
INFO: Run Behavior\ShowPageTraceBehavior [ RunTime:0.001254s ]
INFO: [ app_end ] --END-- [ RunTime:0.001397s ]

[ 2017-08-10T00:20:46+08:00 ] 127.0.0.1 /index.php/Admin/Test/test7
INFO: [ app_init ] --START--
INFO: Run Behavior\BuildLiteBehavior [ RunTime:0.000023s ]
INFO: [ app_init ] --END-- [ RunTime:0.000863s ]
INFO: [ app_begin ] --START--
INFO: Run Behavior\ReadHtmlCacheBehavior [ RunTime:0.000735s ]
INFO: [ app_begin ] --END-- [ RunTime:0.000950s ]
SQL: SHOW COLUMNS FROM `tp_dept` [ RunTime:0.0520s ]
INFO: [ app_end ] --START--
INFO: Run Behavior\ShowPageTraceBehavior [ RunTime:0.000953s ]
INFO: [ app_end ] --END-- [ RunTime:0.001061s ]

[ 2017-08-10T00:20:48+08:00 ] 127.0.0.1 /index.php/Admin/Test/test7
INFO: [ app_init ] --START--
INFO: Run Behavior\BuildLiteBehavior [ RunTime:0.000023s ]
INFO: [ app_init ] --END-- [ RunTime:0.000737s ]
INFO: [ app_begin ] --START--
INFO: Run Behavior\ReadHtmlCacheBehavior [ RunTime:0.001500s ]
INFO: [ app_begin ] --END-- [ RunTime:0.001645s ]
SQL: SHOW COLUMNS FROM `tp_dept` [ RunTime:0.0718s ]
INFO: [ app_end ] --START--
INFO: Run Behavior\ShowPageTraceBehavior [ RunTime:0.000926s ]
INFO: [ app_end ] --END-- [ RunTime:0.002027s ]

[ 2017-08-10T00:20:49+08:00 ] 127.0.0.1 /index.php/Admin/Test/test7
INFO: [ app_init ] --START--
INFO: Run Behavior\BuildLiteBehavior [ RunTime:0.000021s ]
INFO: [ app_init ] --END-- [ RunTime:0.000541s ]
INFO: [ app_begin ] --START--
INFO: Run Behavior\ReadHtmlCacheBehavior [ RunTime:0.000714s ]
INFO: [ app_begin ] --END-- [ RunTime:0.000791s ]
SQL: SHOW COLUMNS FROM `tp_dept` [ RunTime:0.0552s ]
INFO: [ app_end ] --START--
INFO: Run Behavior\ShowPageTraceBehavior [ RunTime:0.001742s ]
INFO: [ app_end ] --END-- [ RunTime:0.002041s ]

[ 2017-08-10T00:20:51+08:00 ] 127.0.0.1 /index.php/Admin/Test/test7
INFO: [ app_init ] --START--
INFO: Run Behavior\BuildLiteBehavior [ RunTime:0.000027s ]
INFO: [ app_init ] --END-- [ RunTime:0.001023s ]
INFO: [ app_begin ] --START--
INFO: Run Behavior\ReadHtmlCacheBehavior [ RunTime:0.001150s ]
INFO: [ app_begin ] --END-- [ RunTime:0.001365s ]
SQL: SHOW COLUMNS FROM `tp_dept` [ RunTime:0.0723s ]
INFO: [ app_end ] --START--
INFO: Run Behavior\ShowPageTraceBehavior [ RunTime:0.001537s ]
INFO: [ app_end ] --END-- [ RunTime:0.001667s ]

[ 2017-08-10T00:22:55+08:00 ] 127.0.0.1 /index.php/Admin/Test/test7
INFO: [ app_init ] --START--
INFO: Run Behavior\BuildLiteBehavior [ RunTime:0.000030s ]
INFO: [ app_init ] --END-- [ RunTime:0.001174s ]
INFO: [ app_begin ] --START--
INFO: Run Behavior\ReadHtmlCacheBehavior [ RunTime:0.001343s ]
INFO: [ app_begin ] --END-- [ RunTime:0.001491s ]
SQL: SHOW COLUMNS FROM `tp_dept` [ RunTime:0.0411s ]
INFO: [ app_end ] --START--
INFO: Run Behavior\ShowPageTraceBehavior [ RunTime:0.001102s ]
INFO: [ app_end ] --END-- [ RunTime:0.001229s ]

[ 2017-08-10T00:23:59+08:00 ] 127.0.0.1 /index.php/Admin/Test/test7
INFO: [ app_init ] --START--
INFO: Run Behavior\BuildLiteBehavior [ RunTime:0.000088s ]
INFO: [ app_init ] --END-- [ RunTime:0.000633s ]
INFO: [ app_begin ] --START--
INFO: Run Behavior\ReadHtmlCacheBehavior [ RunTime:0.001275s ]
INFO: [ app_begin ] --END-- [ RunTime:0.001424s ]
SQL: SHOW COLUMNS FROM `tp_dept` [ RunTime:0.0487s ]
INFO: [ app_end ] --START--
INFO: Run Behavior\ShowPageTraceBehavior [ RunTime:0.001005s ]
INFO: [ app_end ] --END-- [ RunTime:0.001170s ]

[ 2017-08-10T00:28:04+08:00 ] 127.0.0.1 /index.php/Admin/Test/test7
INFO: [ app_init ] --START--
INFO: Run Behavior\BuildLiteBehavior [ RunTime:0.000026s ]
INFO: [ app_init ] --END-- [ RunTime:0.000994s ]
INFO: [ app_begin ] --START--
INFO: Run Behavior\ReadHtmlCacheBehavior [ RunTime:0.000944s ]
INFO: [ app_begin ] --END-- [ RunTime:0.001037s ]
NOTIC: [8] Use of undefined constant DeptModel - assumed 'DeptModel' C:\Wamp\Apache\htdocs\tp\Application\Admin\Controller\TestController.class.php 第 51 行.
ERR: 1146:Table 'db_oa.tp_dept_model' doesn't exist
 [ SQL语句 ] : SHOW COLUMNS FROM `tp_dept_model`
ERR: 1146:Table 'db_oa.tp_dept_model' doesn't exist
 [ SQL语句 ] : SHOW COLUMNS FROM `tp_dept_model`

[ 2017-08-10T00:29:38+08:00 ] 127.0.0.1 /index.php/Admin/Test/test7
INFO: [ app_init ] --START--
INFO: Run Behavior\BuildLiteBehavior [ RunTime:0.000029s ]
INFO: [ app_init ] --END-- [ RunTime:0.001264s ]
INFO: [ app_begin ] --START--
INFO: Run Behavior\ReadHtmlCacheBehavior [ RunTime:0.000952s ]
INFO: [ app_begin ] --END-- [ RunTime:0.001086s ]
NOTIC: [8] Use of undefined constant Dept - assumed 'Dept' C:\Wamp\Apache\htdocs\tp\Application\Admin\Controller\TestController.class.php 第 51 行.
SQL: SHOW COLUMNS FROM `tp_dept` [ RunTime:0.0793s ]
INFO: [ app_end ] --START--
INFO: Run Behavior\ShowPageTraceBehavior [ RunTime:0.001424s ]
INFO: [ app_end ] --END-- [ RunTime:0.001518s ]

[ 2017-08-10T00:32:12+08:00 ] 127.0.0.1 /index.php/Admin/Test/test7
INFO: [ app_init ] --START--
INFO: Run Behavior\BuildLiteBehavior [ RunTime:0.000031s ]
INFO: [ app_init ] --END-- [ RunTime:0.000853s ]
INFO: [ app_begin ] --START--
INFO: Run Behavior\ReadHtmlCacheBehavior [ RunTime:0.003786s ]
INFO: [ app_begin ] --END-- [ RunTime:0.003988s ]
NOTIC: [8] Use of undefined constant Dept - assumed 'Dept' C:\Wamp\Apache\htdocs\tp\Application\Admin\Controller\TestController.class.php 第 51 行.
SQL: SHOW COLUMNS FROM `tp_dept` [ RunTime:0.0415s ]
INFO: [ app_end ] --START--
INFO: Run Behavior\ShowPageTraceBehavior [ RunTime:0.001214s ]
INFO: [ app_end ] --END-- [ RunTime:0.001424s ]

[ 2017-08-10T00:53:23+08:00 ] 127.0.0.1 /index.php/Admin/Test/test8
INFO: [ app_init ] --START--
INFO: Run Behavior\BuildLiteBehavior [ RunTime:0.000021s ]
INFO: [ app_init ] --END-- [ RunTime:0.000697s ]
INFO: [ app_begin ] --START--
INFO: Run Behavior\ReadHtmlCacheBehavior [ RunTime:0.001853s ]
INFO: [ app_begin ] --END-- [ RunTime:0.002970s ]
SQL: SHOW COLUMNS FROM `tp_dept` [ RunTime:0.0368s ]
NOTIC: [8] Undefined variable: ata C:\Wamp\Apache\htdocs\tp\Application\Admin\Controller\TestController.class.php 第 69 行.
INFO: [ app_end ] --START--
INFO: Run Behavior\ShowPageTraceBehavior [ RunTime:0.001377s ]
INFO: [ app_end ] --END-- [ RunTime:0.001500s ]

[ 2017-08-10T00:53:55+08:00 ] 127.0.0.1 /index.php/Admin/Test/test8
INFO: [ app_init ] --START--
INFO: Run Behavior\BuildLiteBehavior [ RunTime:0.000021s ]
INFO: [ app_init ] --END-- [ RunTime:0.000567s ]
INFO: [ app_begin ] --START--
INFO: Run Behavior\ReadHtmlCacheBehavior [ RunTime:0.001663s ]
INFO: [ app_begin ] --END-- [ RunTime:0.002427s ]
SQL: SHOW COLUMNS FROM `tp_dept` [ RunTime:0.1799s ]
SQL: INSERT INTO `tp_dept` (`name`,`pid`,`sort`,`remark`) VALUES ('管理部','0','1','最高权限部门') [ RunTime:0.0811s ]
INFO: [ app_end ] --START--
INFO: Run Behavior\ShowPageTraceBehavior [ RunTime:0.000925s ]
INFO: [ app_end ] --END-- [ RunTime:0.001007s ]

[ 2017-08-10T00:55:33+08:00 ] 127.0.0.1 /index.php/Admin/Test/test8
INFO: [ app_init ] --START--
INFO: Run Behavior\BuildLiteBehavior [ RunTime:0.000022s ]
INFO: [ app_init ] --END-- [ RunTime:0.000825s ]
INFO: [ app_begin ] --START--
INFO: Run Behavior\ReadHtmlCacheBehavior [ RunTime:0.001460s ]
INFO: [ app_begin ] --END-- [ RunTime:0.001561s ]
SQL: SHOW COLUMNS FROM `tp_dept` [ RunTime:0.0664s ]
SQL: INSERT INTO `tp_dept` (`name`,`pid`,`sort`,`remark`) VALUES ('财务部','0','2','财务部门') [ RunTime:0.1088s ]
INFO: [ app_end ] --START--
INFO: Run Behavior\ShowPageTraceBehavior [ RunTime:0.001326s ]
INFO: [ app_end ] --END-- [ RunTime:0.001447s ]

[ 2017-08-10T19:02:05+08:00 ] 127.0.0.1 /index.php/Admin/public/login
INFO: [ app_init ] --START--
INFO: Run Behavior\BuildLiteBehavior [ RunTime:0.000025s ]
INFO: [ app_init ] --END-- [ RunTime:0.051350s ]
INFO: [ app_begin ] --START--
INFO: Run Behavior\ReadHtmlCacheBehavior [ RunTime:0.084903s ]
INFO: [ app_begin ] --END-- [ RunTime:0.085044s ]
INFO: [ view_parse ] --START--
INFO: [ template_filter ] --START--
INFO: Run Behavior\ContentReplaceBehavior [ RunTime:0.029561s ]
INFO: [ template_filter ] --END-- [ RunTime:0.029972s ]
INFO: Run Behavior\ParseTemplateBehavior [ RunTime:1.171619s ]
INFO: [ view_parse ] --END-- [ RunTime:1.171892s ]
INFO: [ view_filter ] --START--
INFO: Run Behavior\WriteHtmlCacheBehavior [ RunTime:0.092330s ]
INFO: [ view_filter ] --END-- [ RunTime:0.092590s ]
INFO: [ app_end ] --START--
INFO: Run Behavior\ShowPageTraceBehavior [ RunTime:0.039452s ]
INFO: [ app_end ] --END-- [ RunTime:0.039603s ]

[ 2017-08-10T23:52:54+08:00 ] 127.0.0.1 /index.php/Admin/Dept/showList.html
ERR: 无法加载控制器:Dept

[ 2017-08-10T23:53:03+08:00 ] 127.0.0.1 /index.php/Admin/Dept/showList.html
ERR: 无法加载控制器:Dept

[ 2017-08-10T23:53:48+08:00 ] 127.0.0.1 /index.php/Admin/Dept/showList.html
ERR: 无法加载控制器:Dept

[ 2017-08-10T23:54:30+08:00 ] 127.0.0.1 /index.php/Admin/Dept/add.html
ERR: 无法加载控制器:Dept

[ 2017-08-10T23:54:31+08:00 ] 127.0.0.1 /index.php/Admin/Dept/showList.html
ERR: 无法加载控制器:Dept

[ 2017-08-10T23:54:32+08:00 ] 127.0.0.1 /index.php/Admin/Dept/add.html
ERR: 无法加载控制器:Dept

[ 2017-08-10T23:54:33+08:00 ] 127.0.0.1 /index.php/Admin/Dept/showList.html
ERR: 无法加载控制器:Dept

